SF:lib/models/character.dart
DA:51,5
DA:74,5
DA:75,5
DA:78,4
DA:80,0
DA:81,0
DA:82,0
DA:85,0
DA:86,0
DA:87,0
DA:90,0
DA:91,0
DA:92,0
DA:93,0
DA:94,0
DA:102,3
DA:103,3
DA:104,3
DA:105,3
DA:106,6
DA:107,3
DA:108,3
DA:109,6
DA:110,3
DA:111,3
DA:112,3
DA:113,3
DA:114,3
DA:115,3
DA:116,3
DA:117,3
DA:118,3
DA:119,3
DA:120,3
DA:121,3
DA:122,9
DA:124,9
DA:125,6
DA:126,3
DA:130,2
DA:132,2
DA:133,0
DA:134,0
DA:138,2
DA:139,2
DA:140,4
DA:141,0
DA:142,0
DA:147,2
DA:148,2
DA:149,4
DA:150,0
DA:151,0
DA:152,0
DA:153,0
DA:159,2
DA:161,2
DA:162,2
DA:163,2
DA:164,2
DA:165,4
DA:167,2
DA:168,2
DA:170,2
DA:171,4
DA:173,4
DA:174,4
DA:175,4
DA:176,4
DA:177,4
DA:178,4
DA:179,4
DA:180,4
DA:181,4
DA:182,4
DA:184,2
DA:188,2
DA:189,4
DA:190,0
DA:191,0
DA:192,4
DA:196,6
DA:201,4
DA:202,8
DA:204,4
DA:207,3
DA:209,3
DA:211,6
DA:212,6
DA:213,6
DA:223,2
DA:224,2
DA:225,1
DA:227,6
DA:228,1
DA:230,2
DA:231,1
DA:234,10
DA:237,2
DA:238,6
DA:239,1
DA:240,3
DA:241,1
DA:242,1
DA:243,2
DA:246,1
DA:247,3
DA:248,1
DA:249,3
DA:250,1
DA:251,1
DA:252,2
DA:255,1
DA:256,3
DA:258,0
DA:262,4
DA:286,4
DA:287,4
DA:288,4
DA:289,4
DA:290,4
DA:291,4
DA:292,2
DA:293,4
DA:294,4
DA:295,4
DA:296,4
DA:297,4
DA:298,4
DA:299,4
DA:300,4
DA:301,4
DA:302,4
DA:303,4
DA:304,4
DA:305,4
DA:306,4
DA:307,4
DA:308,4
DA:313,0
DA:314,0
DA:315,0
DA:317,0
DA:318,0
DA:319,0
DA:320,0
DA:321,0
DA:329,0
DA:330,0
DA:331,0
DA:332,0
DA:337,1
DA:339,1
DA:340,1
DA:341,1
DA:342,1
DA:343,1
DA:344,1
DA:345,1
DA:346,1
DA:347,1
DA:348,1
DA:349,1
DA:350,1
DA:351,1
DA:352,1
DA:360,0
DA:361,0
DA:362,0
DA:363,0
DA:364,0
DA:365,0
DA:371,0
DA:372,0
DA:376,0
DA:377,0
LF:176
LH:132
end_of_record
SF:lib/models/class_values.dart
DA:4,0
DA:5,0
DA:6,0
DA:7,0
DA:8,0
DA:9,0
DA:10,0
DA:11,0
DA:12,0
DA:13,0
DA:17,9
DA:35,3
DA:53,0
DA:71,0
DA:89,0
DA:108,0
DA:127,0
DA:145,0
DA:163,0
LF:19
LH:2
end_of_record
SF:lib/models/level_up.dart
DA:16,19
DA:24,1
DA:25,7
DA:28,6
DA:34,4
DA:35,4
DA:37,4
DA:38,8
DA:39,4
DA:40,4
DA:43,4
DA:44,3
DA:45,3
DA:46,3
DA:47,3
DA:52,4
DA:62,2
DA:63,2
DA:64,2
DA:65,2
DA:66,2
DA:67,0
DA:71,4
DA:72,4
DA:73,4
DA:74,4
DA:75,4
DA:76,4
DA:80,3
DA:81,3
DA:82,6
DA:83,6
DA:84,6
DA:85,6
DA:89,2
DA:91,2
DA:92,6
DA:93,6
DA:94,6
DA:95,6
DA:98,0
DA:99,0
DA:101,0
DA:103,0
DA:104,0
LF:45
LH:39
end_of_record
SF:lib/services/in_memory_quest_storage.dart
DA:21,4
DA:23,8
DA:24,24
DA:27,4
DA:29,4
DA:30,0
DA:31,4
DA:32,16
DA:33,4
DA:36,1
DA:38,1
DA:39,5
DA:40,1
DA:43,2
DA:45,4
DA:46,6
DA:49,1
DA:51,1
DA:53,1
DA:54,2
DA:58,0
DA:60,0
DA:61,0
LF:23
LH:19
end_of_record
SF:lib/state/app_state.dart
DA:7,3
DA:12,4
DA:22,0
DA:24,2
DA:25,2
DA:26,2
DA:29,0
DA:30,0
DA:32,0
DA:33,0
DA:38,2
DA:39,2
DA:40,2
DA:41,4
DA:47,2
DA:48,2
DA:50,1
DA:54,2
DA:55,2
DA:56,2
DA:57,6
DA:63,1
DA:64,1
DA:65,1
DA:66,1
LF:25
LH:20
end_of_record
SF:lib/models/classes.dart
DA:5,5
DA:39,3
DA:40,3
DA:41,3
DA:42,3
DA:43,3
DA:44,3
DA:45,3
DA:46,3
DA:47,3
DA:48,3
DA:49,3
DA:50,3
DA:51,3
DA:52,3
DA:53,3
DA:54,3
DA:55,3
DA:59,2
DA:60,2
DA:61,2
DA:62,2
DA:63,2
DA:64,2
DA:65,2
DA:66,2
DA:67,2
DA:68,2
DA:69,2
DA:70,2
DA:71,2
DA:72,2
DA:73,2
DA:74,2
DA:75,2
DA:79,0
DA:81,0
LF:37
LH:35
end_of_record
SF:lib/models/character_background.dart
DA:10,10
DA:19,0
DA:20,0
DA:21,0
DA:22,0
DA:23,0
DA:24,0
DA:25,0
DA:26,0
DA:30,0
DA:31,0
DA:32,0
DA:33,0
DA:34,0
DA:35,0
DA:36,0
DA:37,0
DA:43,0
LF:18
LH:1
end_of_record
SF:lib/models/character_skill.dart
DA:12,10
DA:23,0
DA:24,0
DA:25,0
DA:26,0
DA:27,0
DA:28,0
DA:29,0
DA:30,0
DA:31,0
DA:32,0
DA:36,0
DA:37,0
DA:38,0
DA:39,0
DA:40,0
DA:41,0
DA:42,0
DA:43,0
DA:44,0
DA:45,0
DA:51,0
DA:141,0
DA:146,0
DA:148,0
DA:149,0
DA:150,0
DA:151,0
DA:152,0
DA:153,0
DA:157,0
DA:158,0
DA:159,0
DA:160,0
DA:161,0
DA:163,0
DA:165,0
DA:166,0
DA:167,0
LF:39
LH:1
end_of_record
SF:lib/models/character_achievement.dart
DA:11,10
DA:21,0
DA:22,0
DA:23,0
DA:24,0
DA:25,0
DA:26,0
DA:27,0
DA:28,0
DA:29,0
DA:33,0
DA:34,0
DA:35,0
DA:36,0
DA:37,0
DA:38,0
DA:39,0
DA:40,0
DA:41,0
DA:52,0
DA:56,0
DA:58,0
DA:59,0
DA:60,0
DA:61,0
DA:62,0
DA:66,0
DA:70,0
DA:71,0
DA:72,0
DA:73,0
DA:75,0
DA:77,0
DA:78,0
DA:84,0
LF:35
LH:1
end_of_record
SF:lib/models/quest.dart
DA:20,12
DA:24,18
DA:27,6
DA:29,12
DA:30,12
DA:31,18
DA:32,12
DA:54,6
DA:55,12
DA:73,7
DA:82,7
DA:85,18
DA:87,21
DA:90,0
DA:93,3
DA:96,0
DA:98,1
DA:99,3
DA:102,0
DA:105,1
DA:106,2
DA:115,1
DA:116,1
DA:117,2
DA:119,1
DA:120,2
DA:121,2
DA:123,1
DA:124,3
DA:126,1
DA:127,3
DA:129,1
DA:132,1
DA:133,2
DA:135,6
DA:136,6
DA:137,6
DA:138,6
DA:139,6
DA:140,12
DA:141,6
DA:143,6
DA:144,12
DA:145,6
DA:146,6
DA:157,6
DA:158,6
DA:160,12
DA:161,2
DA:162,2
DA:163,1
DA:165,6
DA:166,12
DA:167,6
DA:168,6
DA:169,12
DA:172,6
DA:173,12
DA:177,6
DA:178,6
DA:179,6
DA:180,12
DA:183,1
DA:184,2
DA:185,3
DA:190,6
DA:191,12
DA:192,6
DA:195,5
DA:205,5
DA:206,5
DA:207,5
DA:208,5
DA:209,3
DA:210,5
DA:211,5
DA:212,5
DA:213,5
DA:217,3
DA:219,3
DA:220,9
DA:221,9
DA:222,9
DA:223,9
DA:224,9
DA:225,9
DA:226,9
DA:227,9
DA:230,0
DA:231,0
DA:232,0
DA:233,0
DA:234,0
DA:235,0
DA:236,0
DA:237,0
DA:238,0
DA:239,0
DA:242,0
DA:243,0
DA:244,0
DA:245,0
LF:102
LH:85
end_of_record
SF:lib/services/storage.dart
DA:27,1
DA:29,1
DA:30,1
DA:31,4
DA:33,1
DA:36,2
DA:38,2
DA:39,2
DA:40,0
DA:43,2
DA:44,2
DA:46,2
DA:47,8
DA:48,2
DA:49,0
DA:50,0
DA:54,0
DA:56,0
DA:57,0
DA:58,0
DA:61,0
DA:63,0
DA:64,0
DA:65,0
DA:68,1
DA:70,1
DA:71,1
DA:75,1
DA:76,1
DA:77,2
DA:78,0
DA:83,0
DA:85,0
DA:86,0
DA:87,0
DA:88,0
DA:97,0
DA:101,1
DA:103,1
DA:104,2
DA:106,3
DA:108,0
DA:110,0
DA:112,0
DA:114,0
LF:45
LH:23
end_of_record
SF:lib/state/quest_list_provider.dart
DA:23,4
DA:39,8
DA:42,8
DA:50,12
DA:52,2
DA:54,4
DA:57,2
DA:58,2
DA:59,2
DA:64,3
DA:65,6
DA:66,16
DA:69,2
DA:70,4
DA:71,4
DA:77,3
DA:78,6
DA:82,3
DA:86,6
DA:87,3
DA:88,9
DA:92,1
DA:96,14
DA:97,6
DA:98,6
DA:100,2
DA:102,3
DA:103,3
DA:106,9
DA:107,3
DA:108,6
DA:109,3
DA:111,6
DA:112,3
DA:118,1
DA:119,2
DA:120,1
DA:121,1
DA:124,9
DA:126,3
DA:127,6
DA:128,15
DA:129,9
DA:130,3
DA:131,3
DA:132,6
DA:136,1
DA:137,6
DA:138,2
DA:139,2
DA:140,1
DA:141,1
DA:144,3
DA:145,15
DA:146,6
DA:147,15
DA:148,3
DA:149,3
DA:150,3
DA:151,6
DA:155,3
DA:156,6
DA:159,2
DA:160,2
DA:161,12
DA:164,1
DA:165,2
DA:166,1
DA:167,1
DA:168,1
DA:169,1
DA:172,16
LF:72
LH:72
end_of_record
SF:lib/services/notification_services.dart
DA:13,0
DA:14,0
DA:17,0
DA:26,0
DA:29,0
DA:34,0
DA:35,0
DA:37,0
DA:38,0
DA:50,0
DA:51,0
DA:54,0
DA:57,0
DA:59,0
DA:60,0
DA:63,0
DA:67,0
DA:71,0
DA:72,0
DA:73,0
DA:82,0
DA:84,0
DA:88,0
DA:91,0
DA:93,0
DA:101,0
DA:116,0
DA:120,0
DA:126,0
DA:127,0
LF:30
LH:0
end_of_record
SF:lib/widgets/quest_list.dart
DA:14,1
DA:16,1
DA:17,1
DA:21,1
DA:23,1
DA:24,3
DA:26,1
DA:28,1
DA:30,1
DA:31,1
DA:38,1
DA:39,1
DA:40,1
DA:42,4
DA:47,1
DA:48,1
DA:49,1
DA:50,1
DA:52,1
DA:53,1
DA:56,1
DA:57,1
DA:59,2
DA:64,1
DA:65,3
DA:66,1
DA:67,1
DA:70,1
DA:72,1
DA:80,1
DA:81,1
DA:83,1
DA:93,1
DA:94,1
DA:101,1
DA:112,1
DA:113,3
DA:119,1
DA:124,1
DA:126,1
DA:127,1
DA:129,1
DA:130,1
DA:133,1
DA:138,1
DA:139,1
DA:140,1
DA:143,1
DA:149,1
DA:150,1
DA:151,4
DA:159,1
DA:160,1
DA:161,1
DA:163,3
DA:167,1
DA:172,1
DA:174,1
DA:175,2
DA:182,1
DA:188,1
DA:189,1
DA:191,2
DA:192,1
DA:193,2
DA:195,1
DA:196,1
DA:197,4
DA:204,1
DA:205,0
DA:206,0
DA:213,0
DA:214,0
DA:217,1
DA:218,1
DA:220,1
DA:221,1
DA:222,3
LF:78
LH:74
end_of_record
SF:lib/widgets/lvl_notifcation.dart
DA:10,0
DA:12,0
DA:13,0
DA:21,0
DA:23,0
DA:24,0
DA:27,0
DA:31,0
DA:33,0
DA:34,0
DA:37,0
DA:39,0
DA:41,0
DA:42,0
DA:43,0
DA:44,0
DA:46,0
DA:50,0
DA:51,0
DA:53,0
DA:55,0
DA:57,0
DA:58,0
DA:59,0
DA:67,0
DA:69,0
DA:79,0
DA:80,0
DA:84,0
DA:85,0
LF:30
LH:0
end_of_record
SF:lib/pages/create_quest.dart
DA:9,1
DA:11,1
DA:12,1
DA:26,1
DA:28,2
DA:29,2
DA:30,1
DA:33,1
DA:35,2
DA:37,1
DA:38,1
DA:39,3
DA:40,3
DA:41,2
DA:42,3
DA:43,3
DA:44,2
DA:45,1
DA:48,1
DA:49,1
DA:56,1
DA:57,1
DA:59,1
DA:60,1
DA:61,1
DA:64,1
DA:66,1
DA:67,1
DA:69,1
DA:70,1
DA:71,1
DA:73,1
DA:74,1
DA:75,1
DA:85,1
DA:86,1
DA:87,1
DA:88,1
DA:89,2
DA:96,1
DA:97,1
DA:98,1
DA:100,1
DA:102,1
DA:103,2
DA:110,1
DA:111,1
DA:112,1
DA:116,2
DA:117,1
DA:118,4
DA:124,1
DA:125,1
DA:126,1
DA:127,1
DA:128,1
DA:129,1
DA:134,1
DA:135,1
DA:136,1
DA:137,1
DA:138,1
DA:139,1
DA:140,2
DA:141,3
DA:143,0
DA:144,0
DA:145,0
DA:149,1
DA:150,1
DA:151,1
DA:176,1
DA:177,1
DA:178,1
DA:180,6
DA:183,1
DA:184,1
DA:185,3
DA:189,2
DA:190,2
DA:192,1
DA:193,2
DA:194,3
DA:195,3
DA:196,1
DA:197,2
DA:199,1
DA:200,1
DA:203,2
DA:204,1
DA:205,1
DA:207,1
DA:208,0
DA:218,1
DA:220,2
DA:221,2
DA:222,2
DA:223,1
DA:224,1
DA:225,1
DA:226,1
DA:227,2
DA:228,1
DA:232,1
DA:237,1
DA:240,0
DA:244,3
DA:245,2
DA:246,1
DA:247,1
DA:249,3
DA:251,1
DA:262,1
DA:263,1
DA:268,2
DA:269,1
DA:271,1
DA:276,1
DA:277,1
DA:282,2
DA:286,1
DA:287,1
DA:288,1
DA:291,1
DA:292,1
DA:293,1
DA:294,4
DA:295,1
DA:298,1
DA:301,1
DA:302,1
DA:303,2
DA:309,2
DA:310,1
DA:311,1
LF:135
LH:130
end_of_record
